0 info it worked if it ends with ok
1 verbose cli [ 'node', '/usr/local/bin/npm', 'install' ]
2 info using npm@1.4.3
3 info using node@v0.10.26
4 verbose readDependencies using package.json deps
5 verbose install where, deps [ '/Users/ciaranhale/dev/blazeReactive',
5 verbose install   [ 'express', 'nano', 'chance', 'foundation' ] ]
6 info preinstall blazeReactive@0.0.1
7 verbose readDependencies using package.json deps
8 verbose already installed skipping chance@0.5.x /Users/ciaranhale/dev/blazeReactive
9 verbose already installed skipping express@3.4.x /Users/ciaranhale/dev/blazeReactive
10 verbose already installed skipping nano@4.4.x /Users/ciaranhale/dev/blazeReactive
11 verbose cache add [ 'foundation@~5.0', null ]
12 verbose cache add name=undefined spec="foundation@~5.0" args=["foundation@~5.0",null]
13 verbose parsed url { protocol: null,
13 verbose parsed url   slashes: null,
13 verbose parsed url   auth: null,
13 verbose parsed url   host: null,
13 verbose parsed url   port: null,
13 verbose parsed url   hostname: null,
13 verbose parsed url   hash: null,
13 verbose parsed url   search: null,
13 verbose parsed url   query: null,
13 verbose parsed url   pathname: 'foundation@~5.0',
13 verbose parsed url   path: 'foundation@~5.0',
13 verbose parsed url   href: 'foundation@~5.0' }
14 verbose cache add name="foundation" spec="~5.0" args=["foundation","~5.0"]
15 verbose parsed url { protocol: null,
15 verbose parsed url   slashes: null,
15 verbose parsed url   auth: null,
15 verbose parsed url   host: null,
15 verbose parsed url   port: null,
15 verbose parsed url   hostname: null,
15 verbose parsed url   hash: null,
15 verbose parsed url   search: null,
15 verbose parsed url   query: null,
15 verbose parsed url   pathname: '~5.0',
15 verbose parsed url   path: '~5.0',
15 verbose parsed url   href: '~5.0' }
16 verbose addNamed [ 'foundation', '~5.0' ]
17 verbose addNamed [ null, '>=5.0.0-0 <5.1.0-0' ]
18 silly lockFile 4d7db070-foundation-5-0 foundation@~5.0
19 verbose lock foundation@~5.0 /Users/ciaranhale/.npm/4d7db070-foundation-5-0.lock
20 silly addNameRange { name: 'foundation',
20 silly addNameRange   range: '>=5.0.0-0 <5.1.0-0',
20 silly addNameRange   hasData: false }
21 verbose url raw foundation
22 verbose url resolving [ 'https://registry.npmjs.org/', './foundation' ]
23 verbose url resolved https://registry.npmjs.org/foundation
24 info trying registry request attempt 1 at 14:34:05
25 verbose etag "26DNV9GUAHF890C0T7XUCJE1K"
26 http GET https://registry.npmjs.org/foundation
27 http 304 https://registry.npmjs.org/foundation
28 silly registry.get cb [ 304,
28 silly registry.get   { date: 'Fri, 18 Jul 2014 04:34:05 GMT',
28 silly registry.get     server: 'Apache',
28 silly registry.get     via: '1.1 varnish',
28 silly registry.get     'last-modified': 'Fri, 18 Jul 2014 04:33:09 GMT',
28 silly registry.get     'cache-control': 'max-age=60',
28 silly registry.get     etag: '"26DNV9GUAHF890C0T7XUCJE1K"',
28 silly registry.get     'x-served-by': 'cache-syd1622-SYD',
28 silly registry.get     'x-cache': 'HIT',
28 silly registry.get     'x-cache-hits': '1',
28 silly registry.get     'x-timer': 'S1405658045.968954,VS0,VE0',
28 silly registry.get     vary: 'Accept',
28 silly registry.get     'content-length': '0',
28 silly registry.get     'keep-alive': 'timeout=10, max=50',
28 silly registry.get     connection: 'Keep-Alive' } ]
29 verbose etag foundation from cache
30 silly addNameRange number 2 { name: 'foundation',
30 silly addNameRange   range: '>=5.0.0-0 <5.1.0-0',
30 silly addNameRange   hasData: true }
31 silly addNameRange versions [ 'foundation',
31 silly addNameRange   [ '4.0.0-wip',
31 silly addNameRange     '4.1.1',
31 silly addNameRange     '4.1.1-s1',
31 silly addNameRange     '4.1.1-s2',
31 silly addNameRange     '4.1.2',
31 silly addNameRange     '4.1.2-stylus1',
31 silly addNameRange     '4.1.2-stylus2',
31 silly addNameRange     '4.1.3',
31 silly addNameRange     '4.1.5',
31 silly addNameRange     '4.1.5-1',
31 silly addNameRange     '4.1.5-2',
31 silly addNameRange     '4.1.6',
31 silly addNameRange     '4.1.6-1',
31 silly addNameRange     '4.1.6-2',
31 silly addNameRange     '4.1.6-3',
31 silly addNameRange     '4.1.6-4',
31 silly addNameRange     '4.1.6-5',
31 silly addNameRange     '4.2.1',
31 silly addNameRange     '4.2.1-1' ] ]
32 silly lockFile 4d7db070-foundation-5-0 foundation@~5.0
33 silly lockFile 4d7db070-foundation-5-0 foundation@~5.0
34 error notarget No compatible version found: foundation@'>=5.0.0-0 <5.1.0-0'
34 error notarget Valid install targets:
34 error notarget ["4.0.0-wip","4.1.1","4.1.1-s1","4.1.1-s2","4.1.2","4.1.2-stylus1","4.1.2-stylus2","4.1.3","4.1.5","4.1.5-1","4.1.5-2","4.1.6","4.1.6-1","4.1.6-2","4.1.6-3","4.1.6-4","4.1.6-5","4.2.1","4.2.1-1"]
34 error notarget
34 error notarget This is most likely not a problem with npm itself.
34 error notarget In most cases you or one of your dependencies are requesting
34 error notarget a package version that doesn't exist.
35 error System Darwin 13.3.0
36 error command "node" "/usr/local/bin/npm" "install"
37 error cwd /Users/ciaranhale/dev/blazeReactive
38 error node -v v0.10.26
39 error npm -v 1.4.3
40 error code ETARGET
41 verbose exit [ 1, true ]
